1554231040718	mozrunner::runner	INFO	Running command: "C:\\Program Files\\Mozilla Firefox\\firefox.exe" "-marionette" "-foreground" "-no-remote" "-profile" "C:\\Users\\Usuario\\AppData\\Local\\Temp\\rust_mozprofile.ZUmA8MxpS4YY"
1554231041977	addons.webextension.screenshots@mozilla.org	WARN	Loading extension 'screenshots@mozilla.org': Reading manifest: Invalid extension permission: mozillaAddons
1554231041978	addons.webextension.screenshots@mozilla.org	WARN	Loading extension 'screenshots@mozilla.org': Reading manifest: Invalid extension permission: resource://pdf.js/
1554231041978	addons.webextension.screenshots@mozilla.org	WARN	Loading extension 'screenshots@mozilla.org': Reading manifest: Invalid extension permission: about:reader*
[Parent 6452, Gecko_IOThread] WARNING: pipe error: 109: file z:/build/build/src/ipc/chromium/src/chrome/common/ipc_channel_win.cc, line 332
[Child 13824, Chrome_ChildThread] WARNING: pipe error: 109: file z:/build/build/src/ipc/chromium/src/chrome/common/ipc_channel_win.cc, line 332
[Child 13824, Chrome_ChildThread] WARNING: pipe error: 109: file z:/build/build/src/ipc/chromium/src/chrome/common/ipc_channel_win.cc, line 332
1554231048112	Marionette	INFO	Listening on port 1295
1554231048354	Marionette	WARN	TLS certificate errors will be ignored for this session
JavaScript error: http://inventwithpython.com/js/bootstrap.min.js, line 7: Error: Bootstrap tooltips require Tether (http://tether.io/)
[Parent 6452, Gecko_IOThread] WARNING: pipe error: 109: file z:/build/build/src/ipc/chromium/src/chrome/common/ipc_channel_win.cc, line 332
[Parent 6452, Gecko_IOThread] WARNING: pipe error: 109: file z:/build/build/src/ipc/chromium/src/chrome/common/ipc_channel_win.cc, line 332
[Child 8580, Chrome_ChildThread] WARNING: pipe error: 109: file z:/build/build/src/ipc/chromium/src/chrome/common/ipc_channel_win.cc, line 332
[Child 8580, Chrome_Ch[Parent 6452, Gecko_IOThread] WARNING: pipe error: 109: file z:/build/build/src/ipc/chromium/src/chrome/common/ipc_channel_win.cc, line 332
[Child 2860, Chrome_ChildThread] WARNING: pipe error: 109: file z:/build/build/src/ipc/chromium/src/chrome/common/ipc_channel_win.cc, line 332
[Child 28601554231075282	Marionette	INFO	Stopped listening on port 1295
[GPU 12860, Chrome_ChildThread] WARNING: pipe error: 109: file z:/build/build/src/ipc/chromium/src/chrome/common/ipc_channel_win.cc, line 332

###!!! [Child][MessageChannel::SendAndWait] Error: Channel error: cannot send/rec[Parent 6464, Gecko_IOThread] WARNING: pipe error: 109: file z:/build/build/src/ipc/chromium/src/chrome/common/ipc_channel_win.cc, line 332
[Child 13236, [Parent 6464, Gecko_IOThread] WARNING: pipe error: 109: file z:/build/build/src/ipc/chromium/src/chrome/common/ipc_channel_win.cc, line 332
[Child 16404, Chrome_ChildThread] WARNING: pipe error: 109: file z:/build/build/src/ipc/chromium/src/chrome/common/ipc_channel_win.cc, line 332
[Child 16404, Chrome_ChildThread] WARNING: pipe error: 109: file z:/build/build/src/ipc/chromium/src/chrome/common/ipc_chan1554231117107	Marionette	INFO	Stopped listening on port 1353

###!!! [Child][RunMessage] Error: Channel closing: too late to send/recv, messages will be lost

[GPU 16112,
###!!! [Child][MessageChannel::SendAndWait] Error: Channel error: cannot send/recv

1554231371031	mozrunner::runner	INFO	Running command: "C:\\Program Files\\Mozilla Firefox\\firefox.exe" "-marionette" "-foreground" "-no-remote" "-profile" "C:\\Users\\Usuario\\AppData\\Local\\Temp\\rust_mozprofile.1yNLdfNSQlRm"
1554231371811	addons.webextension.screenshots@mozilla.org	WARN	Loading extension 'screenshots@mozilla.org': Reading manifest: Invalid extension permission: mozillaAddons
1554231371811	addons.webextension.screenshots@mozilla.org	WARN	Loading extension 'screenshots@mozilla.org': Reading manifest: Invalid extension permission: resource://pdf.js/
1554231371811	addons.webextension.screenshots@mozilla.org	WARN	Loading extension 'screenshots@mozilla.org': Reading manifest: Invalid extension permission: about:reader*
[Parent 10264, Gecko_IOThread] WARNING: pipe error: 109: file z:/build/build/src/ipc/chromium/src/chrome/common/ipc_channel_win.cc, line 332
[Child 17200, Chrome_ChildThread] WARNING: pipe error: 109: file z:/build/build/src/ipc/chromium/src/chrome/common/ipc_channel_win.cc, line 332
[Child 17200, Chrome_ChildThread] WARNING: pipe error: 109: file z:/build/build/src/ipc/chromium/src/chrome/common/ipc_channel_1554231375078	Marionette	INFO	Listening on port 1634
1554231375486	Marionette	WARN	TLS certificate errors will be ignored for this session
JavaScript warning: https://www2.dti.ufv.br/dtr_siscore/js/funcoes.js, line 305: SyntaxError: 08 is not a legal ECMA-262 octal constant
JavaScript warning: https://www2.dti.ufv.br/dtr_siscore/js/funcoes.js, line 307: SyntaxError: 09 is not a legal ECMA-262 octal constant
[Child 6620, Chrome_ChildThread] WARNING: pipe error: 109: file z:/build/build/src/ipc/chromium/src/chrome/common/ipc_channel_win.cc, line 332
[Child 6620, Chrome_[Parent 10264, Gecko_IOThread] WARNING: pipe error: 109: file z:/build/build/src/ipc/chromium/src/chrome/common/ipc_channel_win.cc, line 332
[Parent 10264, Gecko_IOThread] WARNING: pipe error: 109: file z:/build/build/src/ipc/chromium/src/chrome/common/ipc_channel_win.cc, line 332
[Child 3508, Chrome_ChildThread] WARNING: pipe error: 109: file z:/build/build/src/ipc/chromium/src/chrome/common/ipc_channel_win.cc, line 332
[Child 3508, Chrome_ChildThread] WARNING: 1554231458186	Marionette	INFO	Stopped listening on port 1634
[GPU 1
###!!! [Child][MessageChannel::SendAndWait] Error: Channel error: cannot send/recv

1554231484447	mozrunner::runner	INFO	Running command: "C:\\Program Files\\Mozilla Firefox\\firefox.exe" "-marionette" "-foreground" "-no-remote" "-profile" "C:\\Users\\Usuario\\AppData\\Local\\Temp\\rust_mozprofile.xnLdHe2mpUCm"
1554231485200	addons.webextension.screenshots@mozilla.org	WARN	Loading extension 'screenshots@mozilla.org': Reading manifest: Invalid extension permission: mozillaAddons
1554231485201	addons.webextension.screenshots@mozilla.org	WARN	Loading extension 'screenshots@mozilla.org': Reading manifest: Invalid extension permission: resource://pdf.js/
1554231485201	addons.webextension.screenshots@mozilla.org	WARN	Loading extension 'screenshots@mozilla.org': Reading manifest: Invalid extension permission: about:reader*
[Child 16504, Chrome_ChildThread] WARNING: pipe error: 109: file z:/build/build/src/ipc/chromium/src/chrome/common/ipc_channel_win.cc, line 332
[Child 16504, Chrome_ChildThread] WARNING: pipe error: 109: file z:/build/build/src/ipc/chromium/src/chrome/common/ipc_channel_win.cc, line 332
1554231488237	Marionette	INFO	Listening on port 1745
1554231488324	Marionette	WARN	TLS certificate errors will be ignored for this session
JavaScript warning: https://www2.dti.ufv.br/dtr_siscore/js/funcoes.js, line 305: SyntaxError: 08 is not a legal ECMA-262 octal constant
JavaScript warning: https://www2.dti.ufv.br/dtr_siscore/js/funcoes.js, line 307: SyntaxError: 09 is not a legal ECMA-262 octal constant
JavaScript warning: https://www2.dti.ufv.br/js/funcoes.js, line 367: SyntaxError: 08 is not a legal ECMA-262 octal constant
JavaScript warning: https://www2.dti.ufv.br/js/funcoes.js, line 370: SyntaxError: 09 is not a legal ECMA-262 octal constant
JavaScript warning: https://www2.dti.ufv.br/dtr_siscore/js/funcoes.js, line 305: SyntaxError: 08 is not a legal ECMA-262 octal constant
JavaScript warning: https://www2.dti.ufv.br/dtr_siscore/js/funcoes.js, line 307: SyntaxError: 09 is not a legal ECMA-262 octal constant
JavaScript warning: https://www2.dti.ufv.br/js/funcoes.js, line 367: SyntaxError: 08 is not a legal ECMA-262 octal constant
JavaScript warning: https://www2.dti.ufv.br/js/funcoes.js, line 370: SyntaxError: 09 is not a legal ECMA-262 octal constant
JavaScript warning: https://www2.dti.ufv.br/dtr_siscore/js/funcoes.js, line 305: SyntaxError: 08 is not a legal ECMA-262 octal constant
JavaScript warning: https://www2.dti.ufv.br/dtr_siscore/js/funcoes.js, line 307: SyntaxError: 09 is not a legal ECMA-262 octal constant
console.error: BroadcastService: 
  receivedBroadcastMessage: handler for
  remote-settings/monitor_changes
  threw error:
  Message: Error: Polling for changes failed: NetworkError when attempting to fetch resource..
  Stack:
    remoteSettingsFunction/remoteSettings.pollChanges@resource://services-settings/remote-settings.js:190:13

JavaScript warning: https://www2.dti.ufv.br/dtr_siscore/js/funcoes.js, line 305: SyntaxError: 08 is not a legal ECMA-262 octal constant
JavaScript warning: https://www2.dti.ufv.br/dtr_siscore/js/funcoes.js, line 307: SyntaxError: 09 is not a legal ECMA-262 octal constant
JavaScript warning: https://www2.dti.ufv.br/dtr_siscore/js/funcoes.js, line 305: SyntaxError: 08 is not a legal ECMA-262 octal constant
JavaScript warning: https://www2.dti.ufv.br/dtr_siscore/js/funcoes.js, line 307: SyntaxError: 09 is not a legal ECMA-262 octal constant
1554231929509	Marionette	INFO	Stopped listening on port 1745

###!!! [Child][RunMessage] Error: Channel closing: too late to send/recv, messages will be lost


###!!! [Child][MessageChannel::SendAndWait] Error: Channel error: cannot send/recv

ebextension.screenshots@mozilla.org	WARN	Loading extension 'screenshots@mozilla.org': Reading manifest: Invalid extension permission: mozillaAddons
1554231841353	addons.webextension.screenshots@mozilla.org	WARN	Loading extension 'screenshots@mozilla.org': Reading manifest: Invalid extension permission: resource://pdf.js/
1554231841353	addons.webextension.screenshots@mozilla.org	WARN	Loading extension 'screenshots@mozilla.org': Reading manifest: Invalid extension permission: about:reader*
[
###!!! [Parent][MessageChannel] Error: (msgtype=0x350059,name=PContent::Msg_ProvideAnonymousTemporaryFile) Closed channel: cannot send/recv

1554231845295	Marionette	INFO	Listening on port 2014
1554231845600	Marionette	WARN	TLS certificate errors will be ignored for this session
JavaScript warning: https://www2.dti.ufv.br/dtr_siscore/js/funcoes.js, line 305: SyntaxError: 08 is not a legal ECMA-262 octal constant
JavaScript warning: https://www2.dti.ufv.br/dtr_siscore/js/funcoes.js, line 307: SyntaxError: 09 is not a legal ECMA-262 octal constant
1554231931461	mozrunner::runner	INFO	Running command: "C:\\Program Files\\Mozilla Firefox\\firefox.exe" "-marionette" "-foreground" "-no-remote" "-profile" "C:\\Users\\Usuario\\AppData\\Local\\Temp\\rust_mozprofile.eNIG6b8YWTDO"
1554231932325	addons.webextension.screenshots@mozilla.org	WARN	Loading extension 'screenshots@mozilla.org': Reading manifest: Invalid extension permission: mozillaAddons
1554231932326	addons.webextension.screenshots@mozilla.org	WARN	Loading extension 'screenshots@mozilla.org': Reading manifest: Invalid extension permission: resource://pdf.js/
1554231932326	addons.webextension.screenshots@mozilla.org	WARN	Loading extension 'screenshots@mozilla.org': Reading manifest: Invalid extension permission: about:reader*
[Parent 16200, Gecko_IOThread] WARNING: pipe error: 109: file z:/build/build/src/ipc/chromium/src/chrome/common/ipc_channel_win.cc, line 332
[Child 2560, Chrome_ChildThread] WARNING: pipe error: 109: file z:/build/build/src/ipc/chromium/src/chrome/common/ipc_channel_win.cc, line 332
[Child 25601554231936247	Marionette	INFO	Listening on port 2103
1554231936718	Marionette	WARN	TLS certificate errors will be ignored for this session
JavaScript warning: https://www2.dti.ufv.br/dtr_siscore/js/funcoes.js, line 305: SyntaxError: 08 is not a legal ECMA-262 octal constant
JavaScript warning: https://www2.dti.ufv.br/dtr_siscore/js/funcoes.js, line 307: SyntaxError: 09 is not a legal ECMA-262 octal constant
JavaScript warning: https://www2.dti.ufv.br/js/funcoes.js, line 367: SyntaxError: 08 is not a legal ECMA-262 octal constant
JavaScript warning: https://www2.dti.ufv.br/js/funcoes.js, line 370: SyntaxError: 09 is not a legal ECMA-262 octal constant
JavaScript warning: https://www2.dti.ufv.br/dtr_siscore/js/funcoes.js, line 305: SyntaxError: 08 is not a legal ECMA-262 octal constant
JavaScript warning: https://www2.dti.ufv.br/dtr_siscore/js/funcoes.js, line 307: SyntaxError: 09 is not a legal ECMA-262 octal constant
JavaScript warning: https://www2.dti.ufv.br/js/funcoes.js, line 367: SyntaxError: 08 is not a legal ECMA-262 octal constant
JavaScript warning: https://www2.dti.ufv.br/js/funcoes.js, line 370: SyntaxError: 09 is not a legal ECMA-262 octal constant
JavaScript warning: https://www2.dti.ufv.br/dtr_siscore/js/funcoes.js, line 305: SyntaxError: 08 is not a legal ECMA-262 octal constant
JavaScript warning: https://www2.dti.ufv.br/dtr_siscore/js/funcoes.js, line 307: SyntaxError: 09 is not a legal ECMA-262 octal constant
JavaScript warning: https://www2.dti.ufv.br/dtr_siscore/js/funcoes.js, line 305: SyntaxError: 08 is not a legal ECMA-262 octal constant
JavaScript warning: https://www2.dti.ufv.br/dtr_siscore/js/funcoes.js, line 307: SyntaxError: 09 is not a legal ECMA-262 octal constant
JavaScript warning: https://www2.dti.ufv.br/dtr_siscore/js/funcoes.js, line 305: SyntaxError: 08 is not a legal ECMA-262 octal constant
JavaScript warning: https://www2.dti.ufv.br/dtr_siscore/js/funcoes.js, line 307: SyntaxError: 09 is not a legal ECMA-262 octal constant
[Parent 16200, Gecko_IOThread] WARNING: pipe error: 109: file z:/build/build/src/ipc/chromium/src/chrome/common/ipc_channel_win.cc, line 332
[Child 5272, Chrome_ChildThread] WARNING: pipe error: 109: file z:/build/build/src/ipc/chromium/src/chrome/common/ipc_channel_win.cc, line 332
[Child 5272, Chro[Child 7588, Chrome_ChildThread] WARNING: pipe error: 109: file z:/build/build/src/ipc/chromium/src/chrome/common/ipc_channel_win.cc, line 332
[Child 7588, Chrome_ChildThread] WARNING: pipe error: 109: file z:/build/build/src/ipc/chromium/src/chrome/common/ipc_channel_win.cc, line 332
1554232029597	Marionette	INFO	Stopped listening on port 2103
[GPU 156
###!!! [Child][MessageChannel::SendAndWait] Error: Channel error: cannot send/recv

1554309954185	mozrunner::runner	INFO	Running command: "C:\\Program Files\\Mozilla Firefox\\firefox.exe" "-marionette" "-foreground" "-no-remote" "-profile" "C:\\Users\\Usuario\\AppData\\Local\\Temp\\rust_mozprofile.hPoZiuobLKnz"
1554309956592	addons.webextension.screenshots@mozilla.org	WARN	Loading extension 'screenshots@mozilla.org': Reading manifest: Invalid extension permission: mozillaAddons
1554309956592	addons.webextension.screenshots@mozilla.org	WARN	Loading extension 'screenshots@mozilla.org': Reading manifest: Invalid extension permission: resource://pdf.js/
1554309956592	addons.webextension.screenshots@mozilla.org	WARN	Loading extension 'screenshots@mozilla.org': Reading manifest: Invalid extension permission: about:reader*
[Child 4256, Chrome_ChildThread] WARNING: pipe error: 109: file z:/build/build/src/ipc/chromium/src/chrome/common/ipc_channel_win.cc, line 332
[Child 4256, Chrome_ChildThread] WARNING: pipe e1554309962182	Marionette	INFO	Listening on port 37647
1554309962591	Marionette	WARN	TLS certificate errors will be ignored for this session
JavaScript warning: https://www2.dti.ufv.br/dtr_siscore/js/funcoes.js, line 305: SyntaxError: 08 is not a legal ECMA-262 octal constant
JavaScript warning: https://www2.dti.ufv.br/dtr_siscore/js/funcoes.js, line 307: SyntaxError: 09 is not a legal ECMA-262 octal constant
console.error: BroadcastService: 
  receivedBroadcastMessage: handler for
  remote-settings/monitor_changes
  threw error:
  Message: Error: Polling for changes failed: NetworkError when attempting to fetch resource..
  Stack:
    remoteSettingsFunction/remoteSettings.pollChanges@resource://services-settings/remote-settings.js:190:13

[Parent 2028, Gecko_IOThread] WARNING: pipe error: 109: file z:/build/build/src/ipc/chromium/src/chrome/common/ipc_channel_win.cc, line 332
[Parent 2028, Gecko_IOThread] WARNING: pipe error: 109: file z:/build/build/src/ipc/chromium/src/chrome/common/ipc_channel_win.cc, line 332
[Parent 2028, Gecko_IOThread] WARNING: pipe error: 109: file z:/build/build/src/ipc/chromium/src/chrome/common/ipc_channel_win.cc, line 332
[Child 11928, Chrome_ChildThread] WARNING: pipe error: 109: file z:/build/build/src/ipc/chromium/src/chrome/common/ipc_channel_win.cc, line 332
[Child 11928, Chrome_ChildThread] WARNING: pipe error: 109: file z:/build/build/src/ipc/chromium/src/chrome/common/ipc_channel_win.cc, line 332
1554310127557	Marionette	INFO	Stopped listening on port 37647

###!!! [Child][MessageChannel::SendAndWait] Error: Channel error: cannot send/recv

hannel_win.cc, line 332
[Child 6304, Chrome_ChildThread] WARNING: pipe error: 109: file z:/build/build/src/ipc/chromium/src/chrome/common/ipc_channel_win.cc, line 332
[Child 6304, Chrome_ChildThread] WARNING: pipe error: 109:1554310028426	Marionette	INFO	Listening on port 37795
1554310028466	Marionette	WARN	TLS certificate errors will be ignored for this session
JavaScript warning: https://www2.dti.ufv.br/dtr_siscore/js/funcoes.js, line 305: SyntaxError: 08 is not a legal ECMA-262 octal constant
JavaScript warning: https://www2.dti.ufv.br/dtr_siscore/js/funcoes.js, line 307: SyntaxError: 09 is not a legal ECMA-262 octal constant
JavaScript warning: https://www2.dti.ufv.br/js/funcoes.js, line 367: SyntaxError: 08 is not a legal ECMA-262 octal constant
JavaScript warning: https://www2.dti.ufv.br/js/funcoes.js, line 370: SyntaxError: 09 is not a legal ECMA-262 octal constant
JavaScript warning: https://www2.dti.ufv.br/dtr_siscore/js/funcoes.js, line 305: SyntaxError: 08 is not a legal ECMA-262 octal constant
JavaScript warning: https://www2.dti.ufv.br/dtr_siscore/js/funcoes.js, line 307: SyntaxError: 09 is not a legal ECMA-262 octal constant
JavaScript warning: https://www2.dti.ufv.br/js/funcoes.js, line 367: SyntaxError: 08 is not a legal ECMA-262 octal constant
JavaScript warning: https://www2.dti.ufv.br/js/funcoes.js, line 370: SyntaxError: 09 is not a legal ECMA-262 octal constant
JavaScript warning: https://www2.dti.ufv.br/dtr_siscore/js/funcoes.js, line 305: SyntaxError: 08 is not a legal ECMA-262 octal constant
JavaScript warning: https://www2.dti.ufv.br/dtr_siscore/js/funcoes.js, line 307: SyntaxError: 09 is not a legal ECMA-262 octal constant
JavaScript warning: https://www2.dti.ufv.br/dtr_siscore/js/funcoes.js, line 305: SyntaxError: 08 is not a legal ECMA-262 octal constant
JavaScript warning: https://www2.dti.ufv.br/dtr_siscore/js/funcoes.js, line 307: SyntaxError: 09 is not a legal ECMA-262 octal constant
JavaScript warning: https://www2.dti.ufv.br/dtr_siscore/js/funcoes.js, line 305: SyntaxError: 08 is not a legal ECMA-262 octal constant
JavaScript warning: https://www2.dti.ufv.br/dtr_siscore/js/funcoes.js, line 307: SyntaxError: 09 is not a legal ECMA-262 octal constant
[Parent 10664, Gecko_IOThread] WARNING: pipe error: 109: file z:/build/build/src/ipc/chromium/src/chrome/common/ipc_channel_win.cc, line 332
[Child 13596, Chrome_ChildThread] WARNING: pipe error: 109: file z:/build/build/src/ipc/chromium/src/chrome/common/ipc_channel_win.cc, line 332
[Parent 10664, Gecko_IOThread] WARNING: pipe error: 109: file z:/build/build/src/ipc/chromium/src/chrome/common/ipc_channel_win.cc, line 332
[Child 13968, Chrome_ChildThread] WARNING: pipe error: 109: file z:/build/build/src/ipc/chromium/src/chrome/common/ipc_channel_win.cc, line 332
[Child 13968, Chrome_Chi1554310131355	mozrunner::runner	INFO	Running command: "C:\\Program Files\\Mozilla Firefox\\firefox.exe" "-marionette" "-foreground" "-no-remote" "-profile" "C:\\Users\\Usuario\\AppData\\Local\\Temp\\rust_mozprofile.2fWZnbyG9n3E"
1554310132176	addons.webextension.screenshots@mozilla.org	WARN	Loading extension 'screenshots@mozilla.org': Reading manifest: Invalid extension permission: mozillaAddons
1554310132177	addons.webextension.screenshots@mozilla.org	WARN	Loading extension 'screenshots@mozilla.org': Reading manifest: Invalid extension permission: resource://pdf.js/
1554310132177	addons.webextension.screenshots@mozilla.org	WARN	Loading extension 'screenshots@mozilla.org': Reading manifest: Invalid extension permission: about:reader*
1554310136269	Marionette	INFO	Listening on port 37990
1554310136292	Marionette	WARN	TLS certificate errors will be ignored for this session
JavaScript warning: https://www2.dti.ufv.br/dtr_siscore/js/funcoes.js, line 305: SyntaxError: 08 is not a legal ECMA-262 octal constant
JavaScript warning: https://www2.dti.ufv.br/dtr_siscore/js/funcoes.js, line 307: SyntaxError: 09 is not a legal ECMA-262 octal constant
console.error: BroadcastService: 
  receivedBroadcastMessage: handler for
  remote-settings/monitor_changes
  threw error:
  Message: Error: Polling for changes failed: NetworkError when attempting to fetch resource..
  Stack:
    remoteSettingsFunction/remoteSettings.pollChanges@resource://services-settings/remote-settings.js:190:13

[Parent 3976, Gecko_IOThread] WARNING: pipe error: 109: file z:/build/build/src/ipc/chromium/src/chrome/common/ipc_channel_win.cc, line 332
[Child 13848, Chrome_ChildThread] WARNING: pipe error: 109: file z:/build/build/src/ipc/chromium/src/chrome/common/ipc_channel_win.cc, line 332
[Child 138[Parent 3976, Gecko_IOThread] WARNING: pipe error: 109: file z:/build/build/src/ipc/chromium/src/chrome/common/ipc_channel_win.cc, line 332
[Child 15056, Chrome_ChildThread] WARNING: pipe error: 109: file z:/build/build/src/ipc/chromium/src/chrome/common/ipc_channel_win.cc, line 332
[Child 15056, Chrome_ChildThread] WARNING: pipe error: 109: file z:/build/build/src/ipc/chromium/src/chrome/common/ipc_channel_win.cc, line 332
[Child 13628, Chrome_ChildThread] WARNING: pipe error: 109: file z:/build/build/src/ipc/chromium/src/chrome/common/ipc_channel_win.cc, line 332
[Child 13628, Chrome_ChildThread] WARNING: pipe error: 109: file z:/build/build/src/i[Child 2944, Chrome_ChildThread] WARNING: pipe error: 109: file z:/build/build/src/ipc/chromium/src/chrome/common/ipc_channel_win.cc, line 332
[Child 2944, Chrome_ChildThread] WARNING: pipe error: 109: file z:/build/build/src/ipc/chromium/src/chrome/common/ipc_channel_win.cc, line 332
[Parent 3976, Gecko_IOThread] WARNING: pipe error: 109: file z:/build/build/src/ipc/chromium/src/chrome/common/ipc_channel_win.cc, line 332
[Child 13732, Chrome_ChildThread] WARNING: pipe error: 109: file z:/build/build/src/ipc/chromium/src/chrome/common/ipc_channel_win.cc, line 332
[Child 13732, Chrom1554310215291	Marionette	INFO	Stopped listening on port 37990

###!!! [Child][RunMessage] Error: Channel closing: too late to send/recv, messages will be lost


###!!! [Child][MessageChannel::SendAndWait] Error: Channel error: cannot send/recv

1554310224588	mozrunner::runner	INFO	Running command: "C:\\Program Files\\Mozilla Firefox\\firefox.exe" "-marionette" "-foreground" "-no-remote" "-profile" "C:\\Users\\Usuario\\AppData\\Local\\Temp\\rust_mozprofile.vY6siofP0lhL"
1554310225273	addons.webextension.screenshots@mozilla.org	WARN	Loading extension 'screenshots@mozilla.org': Reading manifest: Invalid extension permission: mozillaAddons
1554310225273	addons.webextension.screenshots@mozilla.org	WARN	Loading extension 'screenshots@mozilla.org': Reading manifest: Invalid extension permission: resource://pdf.js/
1554310225273	addons.webextension.screenshots@mozilla.org	WARN	Loading extension 'screenshots@mozilla.org': Reading manifest: Invalid extension permission: about:reader*
[Parent 3872, Gecko_IOThread] WARNING: pipe error: 109: file z:/build/build/src/ipc/chromium/src/chrome/common/ipc_channel_win.cc, line 332
[Child 13592, Chrome_ChildThread] WARNING: pipe error: 109: file z:/build/build/src/ipc/chromium/src/chrome/common/ipc_channel_win.cc, line 332
[Child 1351554310228251	Marionette	INFO	Listening on port 38164
1554310228652	Marionette	WARN	TLS certificate errors will be ignored for this session
JavaScript warning: https://www2.dti.ufv.br/dtr_siscore/js/funcoes.js, line 305: SyntaxError: 08 is not a legal ECMA-262 octal constant
JavaScript warning: https://www2.dti.ufv.br/dtr_siscore/js/funcoes.js, line 307: SyntaxError: 09 is not a legal ECMA-262 octal constant
1554310269699	mozrunner::runner	INFO	Running command: "C:\\Program Files\\Mozilla Firefox\\firefox.exe" "-marionette" "-foreground" "-no-remote" "-profile" "C:\\Users\\Usuario\\AppData\\Local\\Temp\\rust_mozprofile.9hbyOZKTG2DD"
1554310270373	addons.webextension.screenshots@mozilla.org	WARN	Loading extension 'screenshots@mozilla.org': Reading manifest: Invalid extension permission: mozillaAddons
1554310270374	addons.webextension.screenshots@mozilla.org	WARN	Loading extension 'screenshots@mozilla.org': Reading manifest: Invalid extension permission: resource://pdf.js/
1554310270374	addons.webextension.screenshots@mozilla.org	WARN	Loading extension 'screenshots@mozilla.org': Reading manifest: Invalid extension permission: about:reader*
[Parent 10700, Gecko_IOThread] WARNING: pipe error: 109: file z:/build/build/src/ipc/chromium/src/chrome/common/ipc_channel_win.cc, line 332
[Child 5968, Chrome_ChildThread] WARNING: pipe error: 109: file z:/build/build/src/ipc/chromium/src/chrome/common/ipc_channel_win.cc, line 332
[Child 5968, Chrome_ChildThread] WARNING: pipe error: 109: file z:1554310273484	Marionette	INFO	Listening on port 38263
1554310273540	Marionette	WARN	TLS certificate errors will be ignored for this session
JavaScript warning: https://www2.dti.ufv.br/dtr_siscore/js/funcoes.js, line 305: SyntaxError: 08 is not a legal ECMA-262 octal constant
JavaScript warning: https://www2.dti.ufv.br/dtr_siscore/js/funcoes.js, line 307: SyntaxError: 09 is not a legal ECMA-262 octal constant
console.error: BroadcastService: 
  receivedBroadcastMessage: handler for
  remote-settings/monitor_changes
  threw error:
  Message: Error: Polling for changes failed: NetworkError when attempting to fetch resource..
  Stack:
    remoteSettingsFunction/remoteSettings.pollChanges@resource://services-settings/remote-settings.js:190:13

1554310410339	mozrunner::runner	INFO	Running command: "C:\\Program Files\\Mozilla Firefox\\firefox.exe" "-marionette" "-foreground" "-no-remote" "-profile" "C:\\Users\\Usuario\\AppData\\Local\\Temp\\rust_mozprofile.D7UOQGOUMa7Y"
1554310411098	addons.webextension.screenshots@mozilla.org	WARN	Loading extension 'screenshots@mozilla.org': Reading manifest: Invalid extension permission: mozillaAddons
1554310411098	addons.webextens[Child 13180, Chrome_ChildThread] WARNING: pipe error: 109: file z:/build/build/src/ipc/chromium/src/chrome/common/ipc_channel_win.cc, line 332
[Child 13180, Chrome_ChildThread] WARNING: pipe error: 109: file z:/build/build/src/ipc/chromium/src/chrome/common/ipc_channel_win.cc, line 332
[Parent 10700, Gecko_IOThread] WARNING: pipe error: 109: file z:/build/build/src/ipc/chromium/src/chrome/common/ipc_channel_win.cc, line 332
[Child 13680, Chrome_ChildThread] WARNING: pipe error: 109: file z:/build/build/src/ipc/chromium/src/chrome/common/ipc_channel_win.cc, line 332
[Child 13680, Chrome_ChildThread] WARNING: pipe error: 109: file z:/build/build/src/ipc/chromium/src/chrome/common/ipc_channel_win.cc, line 332
[Child 9388, Chrome_ChildThread] WARNING: pipe error: 109: file z:/build/build/src/ipc/chromium/src/chrome/common/ipc_channel_win.cc, line 332
[Child 9388, Chrome_ChildThre[Parent 10700, Gecko_IOThread] WARNING: pipe error: 109: file z:/build/build/src/ipc/chromium/src/chrome/common/ipc_channel_win.cc, line 332
[Child 16144, Chrome_ChildThread] WARNING: pipe error: 109: file z:/build/build/src/ipc/chromium/src/chrome/common/ipc_channel_win.cc, line 332
[Child 16144, Chrom1554310420307	Marionette	INFO	Stopped listening on port 38263

###!!! [Child][RunMessage] Error: Channel closing: too late to send/recv, messages will be lost

[G
###!!! [Child][MessageChannel::SendAndWait] Error: Channel error: cannot send/recv

1554310428105	mozrunner::runner	INFO	Running command: "C:\\Program Files\\Mozilla Firefox\\firefox.exe" "-marionette" "-foreground" "-no-remote" "-profile" "C:\\Users\\Usuario\\AppData\\Local\\Temp\\rust_mozprofile.APnFAkQ0QeT6"
1554310429020	addons.webextension.screenshots@mozilla.org	WARN	Loading extension 'screenshots@mozilla.org': Reading manifest: Invalid extension permission: mozillaAddons
1554310429020	addons.webextension.screenshots@mozilla.org	WARN	Loading extension 'screenshots@mozilla.org': Reading manifest: Invalid extension permission: resource://pdf.js/
1554310429020	addons.webextension.screenshots@mozilla.org	WARN	Loading extension 'screenshots@mozilla.org': Reading manifest: Invalid extension permission: about:reader*
1554310432882	Marionette	INFO	Listening on port 3225
1554310433049	Marionette	WARN	TLS certificate errors will be ignored for this session
JavaScript warning: https://www2.dti.ufv.br/dtr_siscore/js/funcoes.js, line 305: SyntaxError: 08 is not a legal ECMA-262 octal constant
JavaScript warning: https://www2.dti.ufv.br/dtr_siscore/js/funcoes.js, line 307: SyntaxError: 09 is not a legal ECMA-262 octal constant
console.error: BroadcastService: 
  receivedBroadcastMessage: handler for
  remote-settings/monitor_changes
  threw error:
  Message: Error: Polling for changes failed: NetworkError when attempting to fetch resource..
  Stack:
    remoteSettingsFunction/remoteSettings.pollChanges@resource://services-settings/remote-settings.js:190:13

1554310486388	mozrunner::runner	INFO	Running command: "C:\\Program Files\\Mozilla Firefox\\firefox.exe" "-marionette" "-foreground" "-no-remote" "-profile" "C:\\Users\\Usuario\\AppData\\Local\\Temp\\rust_mozprofile.u9mCdQHmZLQH"
1554310487062	addons.webextension.screenshots@mozilla.org	WARN	Loading extension 'screenshots@mozilla.org': Reading manifest: Invalid extension permission: mozillaAddons
1554310487062	addons.webextension.screenshots@mozilla.org	WARN	Loading extension 'screenshots@mozilla.org': Reading manifest: Invalid extension permission: resource://pdf.js/
1554310487062	addons.webextension.screenshots@mozilla.org	WARN	Loading extension 'screenshots@mozilla.org': Reading manifest: Invalid extension permission: about:reader*
[Child 2320, Chrome_ChildThread] WARNING: pipe error: 109: file z:/build/build/src/ipc/chromium/src/chrome/common/ipc_channel_win.cc, line 332
[Child 2320, Chrome_ChildThrea1554310490500	Marionette	INFO	Listening on port 3348
1554310490724	Marionette	WARN	TLS certificate errors will be ignored for this session
JavaScript warning: https://www2.dti.ufv.br/dtr_siscore/js/funcoes.js, line 305: SyntaxError: 08 is not a legal ECMA-262 octal constant
JavaScript warning: https://www2.dti.ufv.br/dtr_siscore/js/funcoes.js, line 307: SyntaxError: 09 is not a legal ECMA-262 octal constant
JavaScript warning: resource://devtools/client/shared/demangle.js, line 0: Successfully compiled asm.js code (total compilation time 75ms)
console.error: BroadcastService: 
  receivedBroadcastMessage: handler for
  remote-settings/monitor_changes
  threw error:
  Message: Error: Polling for changes failed: NetworkError when attempting to fetch resource..
  Stack:
    remoteSettingsFunction/remoteSettings.pollChanges@resource://services-settings/remote-settings.js:190:13

console.error: (new Error("Connection closed, pending request to server1.conn0.child1/memoryActor9, type detach failed\n\nRequest stack:\nrequest@resource://devtools/shared/protocol.js:1415:14\ngenerateRequestMethods/</frontProto[name]@resource://devtools/shared/protocol.js:1539:14\ndestroy@resource://devtools/client/memory/panel.js:59:11\n_destroyToolbox@resource://devtools/client/framework/toolbox.js:2891:26\ndestroy@resource://devtools/client/framework/toolbox.js:2836:23\n_forgetBrowserWindow@resource://devtools/client/framework/devtools-browser.js:703:9\nhandleEvent@resource://devtools/client/framework/devtools-browser.js:724:9\n", "resource://devtools/shared/protocol.js", 1328))
[Parent 10664, Gecko_IOThread] WARNING: pipe error: 109: file z:/build/build/src/ipc/chromium/src/chrome/common/ipc_channel_win.cc, line 332
[Parent 10664, Gecko_IOThread] WARNING: pipe error: 109: file z:/build/build/src/ipc/chromium/src/chrome/common/ipc_channel_win.cc, line 332
[Child 3328, Chrome_ChildThread] WARNING: pipe error: 109: file z:/build/build/src/ipc/chromium/src/chrome/common/ipc_channel_win.cc, line 332
[Child 3328, Chrome_ChildThread] WARNING: pipe error: 109: file z:/build/build/src/ipc/chromium/src/chrome/common/ipc_channel_win.cc, line 332
1554312203557	Marionette	INFO	Stopped listening on port 3348
[GPU
###!!! [Child][RunMessage] Error: Channel closing: too late to send/recv, messages will be lost


###!!! [Child][MessageChannel::SendAndWait] Error: Channel error: cannot send/recv

1554734403324	mozrunner::runner	INFO	Running command: "C:\\Program Files\\Mozilla Firefox\\firefox.exe" "-marionette" "-foreground" "-no-remote" "-profile" "C:\\Users\\Usuario\\AppData\\Local\\Temp\\rust_mozprofile.wx5wjQEfgCUz"
1554734404445	addons.webextension.screenshots@mozilla.org	WARN	Loading extension 'screenshots@mozilla.org': Reading manifest: Invalid extension permission: mozillaAddons
1554734404446	addons.webextension.screenshots@mozilla.org	WARN	Loading extension 'screenshots@mozilla.org': Reading manifest: Invalid extension permission: resource://pdf.js/
1554734404446	addons.webextension.screenshots@mozilla.org	WARN	Loading extension 'screenshots@mozilla.org': Reading manifest: Invalid extension permission: about:reader*
1554734409807	Marionette	INFO	Listening on port 34315
1554734410115	Marionette	WARN	TLS certificate errors will be ignored for this session
JavaScript error: resource:///actors/NetErrorChild.jsm, line 724: TypeError: docShell.failedChannel is null
[Child 10312, Chrome_ChildThread] WARNING: pipe error: 109: file z:/build/build/src/ipc/chromium/src/chrome/common/ipc_channel_win.cc, line 332
[Child 10312, Chrome_ChildThread] WARNING: pipe error: 109: file z:/build/build/src/ipc/chro[Parent 15228, Gecko_IOThread] WARNING: pipe error: 109: file z:/build/build/src/ipc/chromium/src/chrome/common/ipc_channel_win.cc, line 332
[Child 7764, Chrome_ChildThread] WARNING: pipe error: 109: file z:/build/build/src/ipc/chromium/src/chrome/common/ipc_channel_win.cc, line 332
[Child 7764, Chrome_ChildThread] WA[Child 3992, Chrome_ChildThread] WARNING: pipe error: 109: file z:/build/build/src/ipc/chromium/src/chrome/common/ipc_channel_win.cc, line 332
[Child 3992, Chrome_ChildThread] WARNING: pipe error: 109:[Parent 15228, Gecko_IOThread] WARNING: pipe error: 109: file z:/build/build/src/ipc/chromium/src/chrome/common/ipc_channel_win.cc, line 332
[Child 9952, Chrome_ChildThread] WARNING: pipe error: 109: file z:/build/build/src/ipc/chromium/src/chrome/common/ipc_channel_win.cc, line 332
[Child 9952, Chrome1554734423752	Marionette	INFO	Stopped listening on port 34315

###!!! [Child][RunMessage] Error: Channel closing: too late to send/recv, messages will be lost

[GPU 1
###!!! [Child][MessageChannel::SendAndWait] Error: Channel error: cannot send/recv

1554734456868	mozrunner::runner	INFO	Running command: "C:\\Program Files\\Mozilla Firefox\\firefox.exe" "-marionette" "-foreground" "-no-remote" "-profile" "C:\\Users\\Usuario\\AppData\\Local\\Temp\\rust_mozprofile.4JTrPMlU7oed"
1554734457538	addons.webextension.screenshots@mozilla.org	WARN	Loading extension 'screenshots@mozilla.org': Reading manifest: Invalid extension permission: mozillaAddons
1554734457539	addons.webextension.screenshots@mozilla.org	WARN	Loading extension 'screenshots@mozilla.org': Reading manifest: Invalid extension permission: resource://pdf.js/
1554734457539	addons.webextension.screenshots@mozilla.org	WARN	Loading extension 'screenshots@mozilla.org': Reading manifest: Invalid extension permission: about:reader*
1554734460187	Marionette	INFO	Listening on port 34383
1554734460195	Marionette	WARN	TLS certificate errors will be ignored for this session
JavaScript error: resource:///actors/NetErrorChild.jsm, line 724: TypeError: docShell.failedChannel is null
JavaScript error: resource:///actors/NetErrorChild.jsm, line 724: TypeError: docShell.failedChannel is null
JavaScript error: resource:///actors/NetErrorChild.jsm, line 724: TypeError: docShell.failedChannel is null
JavaScript error: resource:///actors/NetErrorChild.jsm, line 724: TypeError: docShell.failedChannel is null
[Child 2696, Chrome_ChildThread] WARNING: pipe error: 109: file z:/build/build/src/ipc/chromium/src/chrome/common/ipc_channel_win.cc, line 332
[Child 2696, Chrome_ChildThread] WARNING: pipe error: 109: file z:/build/build/src/ipc/chromium/src[Parent 2704, Gecko_IOThread] WARNING: pipe error: 109: file z:/build/build/src/ipc/chromium/src/chrome/common/ipc_channel_win.cc, line 332
[Child 5900, Chrome_ChildThread] WARNING: pipe error: 109: file z:/build/build/src/ipc/chromium/src/chrome/common/ipc_channel_win.cc, line 332
[Child 5900, Ch[Parent 2704, Gecko_IOThread] WARNING: pipe error: 109: file z:/build/build/src/ipc/chromium/src/chrome/common/ipc_channel_win.cc, line 332
[Child 10636, Chrome_ChildThread] WARNING: pipe error: 109: file z:/build/build/src/ipc/chromium/src/chrome/common/ipc_channel_win.cc, line 332
[Parent 2704, Gecko_IOThread] WARNING: pipe error: 109: file z:/build/build/src/ipc/chromium/src/chrome/common/ipc_channel_win.cc, line 332
1554734502115	Marionette	INFO	Stopped listening on port 34383

###!!! [Child][RunMessage] Error: Channel closing: too late to send/recv, messages will be lost

[GPU 1896, Ch
###!!! [Child][MessageChannel::SendAndWait] Error: Channel error: cannot send/recv

1554734529002	mozrunner::runner	INFO	Running command: "C:\\Program Files\\Mozilla Firefox\\firefox.exe" "-marionette" "-foreground" "-no-remote" "-profile" "C:\\Users\\Usuario\\AppData\\Local\\Temp\\rust_mozprofile.H74q0PqPjIWr"
1554734529659	addons.webextension.screenshots@mozilla.org	WARN	Loading extension 'screenshots@mozilla.org': Reading manifest: Invalid extension permission: mozillaAddons
1554734529659	addons.webextension.screenshots@mozilla.org	WARN	Loading extension 'screenshots@mozilla.org': Reading manifest: Invalid extension permission: resource://pdf.js/
1554734529660	addons.webextension.screenshots@mozilla.org	WARN	Loading extension 'screenshots@mozilla.org': Reading manifest: Invalid extension permission: about:reader*
[Parent 10404, Gecko_IOThread] WARNING: pipe error: 109: file z:/build/build/src/ipc/chromium/src/chrome/common/ipc_channel_win.cc, line 332
[Child 11160, Chrome_ChildThread] WARNING: pipe error: 109: file z:/build/build/src/ipc/chromium/src/chrome/common/ipc_channel_win.cc, line 332
[Child 11160, Chrome_Ch1554734532693	Marionette	INFO	Listening on port 34453
1554734532825	Marionette	WARN	TLS certificate errors will be ignored for this session
JavaScript error: resource:///actors/NetErrorChild.jsm, line 724: TypeError: docShell.failedChannel is null
[Parent 10404, Gecko_IOThread] WARNING: pipe error: 109: file z:/build/build/src/ipc/chromium/src/chrome/common/ipc_channel_win.cc, line 332
[Parent 10404, Gecko_IOThread] WARNING: pipe error: 109: file z:/build/build/src/ipc/chromium/src/chrome/common/ipc_channel_win.cc, line 332
[Child 2216, Chrome_ChildThread] WARNING: pipe error: 109: file z:/build/build/src/ipc/chromium/src/chrome/common/ipc_channel_win.cc, line 332
[Child 2216, Chrome_ChildThread] WARNING: pipe error: 109: file z:[Parent 10404, Gecko_IOThread] WARNING: pipe error: 109: file z:/build/build/src/ipc/chromium/src/chrome/common/ipc_channel_win.cc, line 332
[Child 9560, Chrome_ChildThread] WARNING: pipe error: 109: file z:/build/build/src/ipc/chromium/src/chrome/common/ipc_channel_win.cc, line 332
[Child 951554734540384	Marionette	INFO	Stopped listening on port 34453

###!!! [Child][RunMessage] Error: Channel closing: too late to send/recv, messages will be lost

[GPU 2
###!!! [Child][MessageChannel::SendAndWait] Error: Channel error: cannot send/recv

